
2022-09-09T15:24:35.394345+0000 | CRITICAL | Не забудь убрать пароль!
2022-09-09T15:25:14.462421+0000 | INFO | User (430707241) N0mer77 send feedback!
2022-09-09T15:31:32.352035+0000 | INFO | User (430707241) N0mer77 add new task
2022-09-09T15:31:50.373355+0000 | INFO | User (430707241) N0mer77 completed 'Собрать посудомойку'
2022-09-09T15:31:52.671698+0000 | INFO | User (430707241) N0mer77 opened menu
2022-09-09T15:33:38.875002+0000 | INFO | User (430707241) N0mer77 add new task
2022-09-09T15:33:57.279815+0000 | INFO | User (430707241) N0mer77 deleted 'Собрать посудомойку'
2022-09-09T15:34:17.286875+0000 | INFO | User (430707241) N0mer77 edited task
2022-09-09T15:35:35.689685+0000 | INFO | Bot send reminder to user 430707241
2022-09-09T15:36:13.599905+0000 | INFO | User (430707241) N0mer77 opened menu
2022-09-09T15:36:35.945045+0000 | INFO | Bot send reminder to user 430707241
2022-09-09T15:36:49.580520+0000 | INFO | User (430707241) N0mer77 send feedback!
2022-09-09T16:46:57.903895+0000 | INFO | User (430707241) N0mer77 add new task
2022-09-09T17:00:36.880585+0000 | INFO | Bot send reminder to user 430707241
2022-09-09T17:12:19.279052+0000 | INFO | User (430707241) N0mer77 add new task
2022-09-09T18:11:39.552545+0000 | INFO | User (430707241) N0mer77 opened menu
2022-09-09T18:15:24.980642+0000 | INFO | User (430707241) N0mer77 opened menu
2022-09-09T21:38:27.303465+0000 | INFO | User (430707241) N0mer77 add new task
2022-09-09T21:40:08.198532+0000 | INFO | Bot send reminder to user 430707241
2022-09-09T21:50:41.416060+0000 | INFO | User (472202866) ahuuuu27 opened menu
2022-09-09T21:51:31.371193+0000 | INFO | User (472202866) ahuuuu27 opened menu
2022-09-09T21:53:47.235580+0000 | INFO | User (430707241) N0mer77 deleted 'Kok          21:40'
2022-09-09T21:53:49.075438+0000 | INFO | User (430707241) N0mer77 deleted 'Собрать баул 18:30'
2022-09-09T21:53:50.928315+0000 | INFO | User (430707241) N0mer77 deleted 'КХЛ 17:00'
2022-09-09T21:53:52.145703+0000 | INFO | User (430707241) N0mer77 deleted 'Зарядить телефон 15:36'
2022-09-09T21:53:54.141792+0000 | INFO | User (430707241) N0mer77 deleted 'Запустить Филю 15:35'
2022-09-09T21:54:01.201984+0000 | INFO | User (430707241) N0mer77 opened menu
2022-09-09T21:54:02.673514+0000 | INFO | User (472202866) ahuuuu27 add new task
2022-09-09T21:54:45.033142+0000 | INFO | User (472202866) ahuuuu27 opened menu
2022-09-09T21:55:00.694705+0000 | INFO | User (472202866) ahuuuu27 deleted 'fgh dfgdfg 12:11'
2022-09-09T21:55:03.163851+0000 | INFO | User (472202866) ahuuuu27 opened menu
2022-09-09T21:55:53.389329+0000 | INFO | User (472202866) ahuuuu27 completed 'поесть соль 21:54'
2022-09-09T21:56:03.777664+0000 | INFO | User (472202866) ahuuuu27 opened menu
2022-09-09T21:56:14.461658+0000 | INFO | User (472202866) ahuuuu27 send feedback!
2022-09-09T22:00:08.779750+0000 | INFO | Bot send message about end of day
2022-09-09T22:00:56.721113+0000 | INFO | User (472202866) ahuuuu27 completed 'жестко наswagatь на стол             23:21'
2022-09-09T22:01:03.355931+0000 | INFO | User (472202866) ahuuuu27 opened menu
2022-09-09T22:01:54.636053+0000 | INFO | User (472202866) ahuuuu27 add new task
2022-09-09T22:04:33.526926+0000 | INFO | User (430707241) N0mer77 send feedback!
2022-09-10T19:45:00.777841+0000 | INFO | User (430707241) N0mer77 add new task
2022-09-10T20:42:59.402568+0000 | INFO | User (430707241) N0mer77 opened menu
